<?xml version="1.0" encoding="UTF-8"?>
<testsuite xmlns:xsi="http://www.w3.org/2001/XMLSchema-instance" xsi:noNamespaceSchemaLocation="https://maven.apache.org/surefire/maven-surefire-plugin/xsd/surefire-test-report.xsd" name="com.timeline.controller.MessageControllerTest" time="5.243" tests="2" errors="0" skipped="0" failures="0">
  <properties>
[...]
</properties>
  <testcase name="showFirstPage" classname="com.timeline.controller.MessageControllerTest" time="0.227"/>
  <testcase name="showOtherPage" classname="com.timeline.controller.MessageControllerTest" time="0.012"/>
</testsuite>